EDA Netlist Writer report for MIPS_Part1_Components
Sat May 09 23:17:01 2026
Quartus II 32-bit Version 13.1.0 Build 162 10/23/2013 SJ Web Edition


---------------------
; Table of Contents ;
---------------------
  1. Legal Notice
  2. EDA Netlist Writer Summary
  3. Simulation Settings
  4. Simulation Generated Files
  5. EDA Netlist Writer Messages



----------------
; Legal Notice ;
----------------
Copyright (C) 1991-2013 Altera Corporation
Your use of Altera Corporation's design tools, logic functions 
and other software and tools, and its AMPP partner logic 
functions, and any output files from any of the foregoing 
(including device programming or simulation files), and any 
associated documentation or information are expressly subject 
to the terms and conditions of the Altera Program License 
Subscription Agreement, Altera MegaCore Function License 
Agreement, or other applicable license agreement, including, 
without limitation, that your use is for the sole purpose of 
programming logic devices manufactured by Altera and sold by 
Altera or its authorized distributors.  Please refer to the 
applicable agreement for further details.



+-------------------------------------------------------------------+
; EDA Netlist Writer Summary                                        ;
+---------------------------+---------------------------------------+
; EDA Netlist Writer Status ; Successful - Sat May 09 23:17:01 2026 ;
; Revision Name             ; MIPS_Part1_Components                 ;
; Top-level Entity Name     ; mips_components_top                   ;
; Family                    ; Cyclone IV E                          ;
; Simulation Files Creation ; Successful                            ;
+---------------------------+---------------------------------------+


+-------------------------------------------------------------------------------------------------------------------------------------+
; Simulation Settings                                                                                                                 ;
+---------------------------------------------------------------------------------------------------+---------------------------------+
; Option                                                                                            ; Setting                         ;
+---------------------------------------------------------------------------------------------------+---------------------------------+
; Tool Name                                                                                         ; ModelSim-Altera (SystemVerilog) ;
; Generate netlist for functional simulation only                                                   ; Off                             ;
; Time scale                                                                                        ; 1 ns                            ;
; Truncate long hierarchy paths                                                                     ; Off                             ;
; Map illegal HDL characters                                                                        ; Off                             ;
; Flatten buses into individual nodes                                                               ; Off                             ;
; Maintain hierarchy                                                                                ; Off                             ;
; Bring out device-wide set/reset signals as ports                                                  ; Off                             ;
; Enable glitch filtering                                                                           ; Off                             ;
; Do not write top level VHDL entity                                                                ; Off                             ;
; Disable detection of setup and hold time violations in the input registers of bi-directional pins ; Off                             ;
; Architecture name in VHDL output netlist                                                          ; structure                       ;
; Generate third-party EDA tool command script for RTL functional simulation                        ; Off                             ;
; Generate third-party EDA tool command script for gate-level simulation                            ; Off                             ;
+---------------------------------------------------------------------------------------------------+---------------------------------+


+----------------------------------------------------------------------------------------------------------------------------------------+
; Simulation Generated Files                                                                                                             ;
+----------------------------------------------------------------------------------------------------------------------------------------+
; Generated Files                                                                                                                        ;
+----------------------------------------------------------------------------------------------------------------------------------------+
; C:/Users/Chairman/Documents/1CST_UR Room/zero/Quartus2/MIPS_Project/simulation/modelsim/MIPS_Part1_Components_7_1200mv_85c_slow.svo    ;
; C:/Users/Chairman/Documents/1CST_UR Room/zero/Quartus2/MIPS_Project/simulation/modelsim/MIPS_Part1_Components_7_1200mv_0c_slow.svo     ;
; C:/Users/Chairman/Documents/1CST_UR Room/zero/Quartus2/MIPS_Project/simulation/modelsim/MIPS_Part1_Components_min_1200mv_0c_fast.svo   ;
; C:/Users/Chairman/Documents/1CST_UR Room/zero/Quartus2/MIPS_Project/simulation/modelsim/MIPS_Part1_Components.svo                      ;
; C:/Users/Chairman/Documents/1CST_UR Room/zero/Quartus2/MIPS_Project/simulation/modelsim/MIPS_Part1_Components_7_1200mv_85c_v_slow.sdo  ;
; C:/Users/Chairman/Documents/1CST_UR Room/zero/Quartus2/MIPS_Project/simulation/modelsim/MIPS_Part1_Components_7_1200mv_0c_v_slow.sdo   ;
; C:/Users/Chairman/Documents/1CST_UR Room/zero/Quartus2/MIPS_Project/simulation/modelsim/MIPS_Part1_Components_min_1200mv_0c_v_fast.sdo ;
; C:/Users/Chairman/Documents/1CST_UR Room/zero/Quartus2/MIPS_Project/simulation/modelsim/MIPS_Part1_Components_v.sdo                    ;
+----------------------------------------------------------------------------------------------------------------------------------------+


+-----------------------------+
; EDA Netlist Writer Messages ;
+-----------------------------+
Info: *******************************************************************
Info: Running Quartus II 32-bit EDA Netlist Writer
    Info: Version 13.1.0 Build 162 10/23/2013 SJ Web Edition
    Info: Processing started: Sat May 09 23:16:59 2026
Info: Command: quartus_eda --read_settings_files=off --write_settings_files=off MIPS_Part1_Components -c MIPS_Part1_Components
Warning (202000): An incorrect timescale is selected for the Verilog Output (.VO) file of this PLL design. It's required that the timescale should be 1 ps when simulating a PLL design in a third party EDA tool.
Info (204019): Generated file MIPS_Part1_Components_7_1200mv_85c_slow.svo in folder "C:/Users/Chairman/Documents/1CST_UR Room/zero/Quartus2/MIPS_Project/simulation/modelsim/" for EDA simulation tool
Warning (202000): An incorrect timescale is selected for the Verilog Output (.VO) file of this PLL design. It's required that the timescale should be 1 ps when simulating a PLL design in a third party EDA tool.
Info (204019): Generated file MIPS_Part1_Components_7_1200mv_0c_slow.svo in folder "C:/Users/Chairman/Documents/1CST_UR Room/zero/Quartus2/MIPS_Project/simulation/modelsim/" for EDA simulation tool
Warning (202000): An incorrect timescale is selected for the Verilog Output (.VO) file of this PLL design. It's required that the timescale should be 1 ps when simulating a PLL design in a third party EDA tool.
Info (204019): Generated file MIPS_Part1_Components_min_1200mv_0c_fast.svo in folder "C:/Users/Chairman/Documents/1CST_UR Room/zero/Quartus2/MIPS_Project/simulation/modelsim/" for EDA simulation tool
Warning (202000): An incorrect timescale is selected for the Verilog Output (.VO) file of this PLL design. It's required that the timescale should be 1 ps when simulating a PLL design in a third party EDA tool.
Info (204019): Generated file MIPS_Part1_Components.svo in folder "C:/Users/Chairman/Documents/1CST_UR Room/zero/Quartus2/MIPS_Project/simulation/modelsim/" for EDA simulation tool
Info (204019): Generated file MIPS_Part1_Components_7_1200mv_85c_v_slow.sdo in folder "C:/Users/Chairman/Documents/1CST_UR Room/zero/Quartus2/MIPS_Project/simulation/modelsim/" for EDA simulation tool
Info (204019): Generated file MIPS_Part1_Components_7_1200mv_0c_v_slow.sdo in folder "C:/Users/Chairman/Documents/1CST_UR Room/zero/Quartus2/MIPS_Project/simulation/modelsim/" for EDA simulation tool
Info (204019): Generated file MIPS_Part1_Components_min_1200mv_0c_v_fast.sdo in folder "C:/Users/Chairman/Documents/1CST_UR Room/zero/Quartus2/MIPS_Project/simulation/modelsim/" for EDA simulation tool
Info (204019): Generated file MIPS_Part1_Components_v.sdo in folder "C:/Users/Chairman/Documents/1CST_UR Room/zero/Quartus2/MIPS_Project/simulation/modelsim/" for EDA simulation tool
Info: Quartus II 32-bit EDA Netlist Writer was successful. 0 errors, 4 warnings
    Info: Peak virtual memory: 361 megabytes
    Info: Processing ended: Sat May 09 23:17:01 2026
    Info: Elapsed time: 00:00:02
    Info: Total CPU time (on all processors): 00:00:01


