Analysis & Synthesis report for MIPS_Part1_Components
Sat May 09 23:16:25 2026
Quartus II 32-bit Version 13.1.0 Build 162 10/23/2013 SJ Web Edition


---------------------
; Table of Contents ;
---------------------
  1. Legal Notice
  2. Analysis & Synthesis Summary
  3. Analysis & Synthesis Settings
  4. Parallel Compilation
  5. Analysis & Synthesis Source Files Read
  6. Analysis & Synthesis Resource Usage Summary
  7. Analysis & Synthesis Resource Utilization by Entity
  8. General Register Statistics
  9. Multiplexer Restructuring Statistics (Restructuring Performed)
 10. Elapsed Time Per Partition
 11. Analysis & Synthesis Messages
 12. Analysis & Synthesis Suppressed Messages



----------------
; Legal Notice ;
----------------
Copyright (C) 1991-2013 Altera Corporation
Your use of Altera Corporation's design tools, logic functions 
and other software and tools, and its AMPP partner logic 
functions, and any output files from any of the foregoing 
(including device programming or simulation files), and any 
associated documentation or information are expressly subject 
to the terms and conditions of the Altera Program License 
Subscription Agreement, Altera MegaCore Function License 
Agreement, or other applicable license agreement, including, 
without limitation, that your use is for the sole purpose of 
programming logic devices manufactured by Altera and sold by 
Altera or its authorized distributors.  Please refer to the 
applicable agreement for further details.



+---------------------------------------------------------------------------------+
; Analysis & Synthesis Summary                                                    ;
+------------------------------------+--------------------------------------------+
; Analysis & Synthesis Status        ; Successful - Sat May 09 23:16:25 2026      ;
; Quartus II 32-bit Version          ; 13.1.0 Build 162 10/23/2013 SJ Web Edition ;
; Revision Name                      ; MIPS_Part1_Components                      ;
; Top-level Entity Name              ; mips_components_top                        ;
; Family                             ; Cyclone IV E                               ;
; Total logic elements               ; 354                                        ;
;     Total combinational functions  ; 354                                        ;
;     Dedicated logic registers      ; 0                                          ;
; Total registers                    ; 0                                          ;
; Total pins                         ; 371                                        ;
; Total virtual pins                 ; 0                                          ;
; Total memory bits                  ; 0                                          ;
; Embedded Multiplier 9-bit elements ; 0                                          ;
; Total PLLs                         ; 0                                          ;
+------------------------------------+--------------------------------------------+


+--------------------------------------------------------------------------------------------------------------------------+
; Analysis & Synthesis Settings                                                                                            ;
+----------------------------------------------------------------------------+---------------------+-----------------------+
; Option                                                                     ; Setting             ; Default Value         ;
+----------------------------------------------------------------------------+---------------------+-----------------------+
; Device                                                                     ; EP4CE115F29C7       ;                       ;
; Top-level entity name                                                      ; mips_components_top ; MIPS_Part1_Components ;
; Family name                                                                ; Cyclone IV E        ; Cyclone IV GX         ;
; Use smart compilation                                                      ; Off                 ; Off                   ;
; Enable parallel Assembler and TimeQuest Timing Analyzer during compilation ; On                  ; On                    ;
; Enable compact report table                                                ; Off                 ; Off                   ;
; Restructure Multiplexers                                                   ; Auto                ; Auto                  ;
; Create Debugging Nodes for IP Cores                                        ; Off                 ; Off                   ;
; Preserve fewer node names                                                  ; On                  ; On                    ;
; Disable OpenCore Plus hardware evaluation                                  ; Off                 ; Off                   ;
; Verilog Version                                                            ; Verilog_2001        ; Verilog_2001          ;
; VHDL Version                                                               ; VHDL_1993           ; VHDL_1993             ;
; State Machine Processing                                                   ; Auto                ; Auto                  ;
; Safe State Machine                                                         ; Off                 ; Off                   ;
; Extract Verilog State Machines                                             ; On                  ; On                    ;
; Extract VHDL State Machines                                                ; On                  ; On                    ;
; Ignore Verilog initial constructs                                          ; Off                 ; Off                   ;
; Iteration limit for constant Verilog loops                                 ; 5000                ; 5000                  ;
; Iteration limit for non-constant Verilog loops                             ; 250                 ; 250                   ;
; Add Pass-Through Logic to Inferred RAMs                                    ; On                  ; On                    ;
; Infer RAMs from Raw Logic                                                  ; On                  ; On                    ;
; Parallel Synthesis                                                         ; On                  ; On                    ;
; DSP Block Balancing                                                        ; Auto                ; Auto                  ;
; NOT Gate Push-Back                                                         ; On                  ; On                    ;
; Power-Up Don't Care                                                        ; On                  ; On                    ;
; Remove Redundant Logic Cells                                               ; Off                 ; Off                   ;
; Remove Duplicate Registers                                                 ; On                  ; On                    ;
; Ignore CARRY Buffers                                                       ; Off                 ; Off                   ;
; Ignore CASCADE Buffers                                                     ; Off                 ; Off                   ;
; Ignore GLOBAL Buffers                                                      ; Off                 ; Off                   ;
; Ignore ROW GLOBAL Buffers                                                  ; Off                 ; Off                   ;
; Ignore LCELL Buffers                                                       ; Off                 ; Off                   ;
; Ignore SOFT Buffers                                                        ; On                  ; On                    ;
; Limit AHDL Integers to 32 Bits                                             ; Off                 ; Off                   ;
; Optimization Technique                                                     ; Balanced            ; Balanced              ;
; Carry Chain Length                                                         ; 70                  ; 70                    ;
; Auto Carry Chains                                                          ; On                  ; On                    ;
; Auto Open-Drain Pins                                                       ; On                  ; On                    ;
; Perform WYSIWYG Primitive Resynthesis                                      ; Off                 ; Off                   ;
; Auto ROM Replacement                                                       ; On                  ; On                    ;
; Auto RAM Replacement                                                       ; On                  ; On                    ;
; Auto DSP Block Replacement                                                 ; On                  ; On                    ;
; Auto Shift Register Replacement                                            ; Auto                ; Auto                  ;
; Allow Shift Register Merging across Hierarchies                            ; Auto                ; Auto                  ;
; Auto Clock Enable Replacement                                              ; On                  ; On                    ;
; Strict RAM Replacement                                                     ; Off                 ; Off                   ;
; Allow Synchronous Control Signals                                          ; On                  ; On                    ;
; Force Use of Synchronous Clear Signals                                     ; Off                 ; Off                   ;
; Auto RAM Block Balancing                                                   ; On                  ; On                    ;
; Auto RAM to Logic Cell Conversion                                          ; Off                 ; Off                   ;
; Auto Resource Sharing                                                      ; Off                 ; Off                   ;
; Allow Any RAM Size For Recognition                                         ; Off                 ; Off                   ;
; Allow Any ROM Size For Recognition                                         ; Off                 ; Off                   ;
; Allow Any Shift Register Size For Recognition                              ; Off                 ; Off                   ;
; Use LogicLock Constraints during Resource Balancing                        ; On                  ; On                    ;
; Ignore translate_off and synthesis_off directives                          ; Off                 ; Off                   ;
; Timing-Driven Synthesis                                                    ; On                  ; On                    ;
; Report Parameter Settings                                                  ; On                  ; On                    ;
; Report Source Assignments                                                  ; On                  ; On                    ;
; Report Connectivity Checks                                                 ; On                  ; On                    ;
; Ignore Maximum Fan-Out Assignments                                         ; Off                 ; Off                   ;
; Synchronization Register Chain Length                                      ; 2                   ; 2                     ;
; PowerPlay Power Optimization                                               ; Normal compilation  ; Normal compilation    ;
; HDL message level                                                          ; Level2              ; Level2                ;
; Suppress Register Optimization Related Messages                            ; Off                 ; Off                   ;
; Number of Removed Registers Reported in Synthesis Report                   ; 5000                ; 5000                  ;
; Number of Swept Nodes Reported in Synthesis Report                         ; 5000                ; 5000                  ;
; Number of Inverted Registers Reported in Synthesis Report                  ; 100                 ; 100                   ;
; Clock MUX Protection                                                       ; On                  ; On                    ;
; Auto Gated Clock Conversion                                                ; Off                 ; Off                   ;
; Block Design Naming                                                        ; Auto                ; Auto                  ;
; SDC constraint protection                                                  ; Off                 ; Off                   ;
; Synthesis Effort                                                           ; Auto                ; Auto                  ;
; Shift Register Replacement - Allow Asynchronous Clear Signal               ; On                  ; On                    ;
; Pre-Mapping Resynthesis Optimization                                       ; Off                 ; Off                   ;
; Analysis & Synthesis Message Level                                         ; Medium              ; Medium                ;
; Disable Register Merging Across Hierarchies                                ; Auto                ; Auto                  ;
; Resource Aware Inference For Block RAM                                     ; On                  ; On                    ;
; Synthesis Seed                                                             ; 1                   ; 1                     ;
+----------------------------------------------------------------------------+---------------------+-----------------------+


Parallel compilation was disabled, but you have multiple processors available. Enable parallel compilation to reduce compilation time.
+-------------------------------------+
; Parallel Compilation                ;
+----------------------------+--------+
; Processors                 ; Number ;
+----------------------------+--------+
; Number detected on machine ; 8      ;
; Maximum allowed            ; 1      ;
+----------------------------+--------+


+------------------------------------------------------------------------------------------------------------------------------------------------------------------------------------------------------------------+
; Analysis & Synthesis Source Files Read                                                                                                                                                                           ;
+-----------------------------------------+-----------------+------------------------------+-------------------------------------------------------------------------------------------------------------+---------+
; File Name with User-Entered Path        ; Used in Netlist ; File Type                    ; File Name with Absolute Path                                                                                ; Library ;
+-----------------------------------------+-----------------+------------------------------+-------------------------------------------------------------------------------------------------------------+---------+
; Part1_Components/full_adder_32.sv       ; yes             ; User SystemVerilog HDL File  ; C:/Users/Chairman/Documents/1CST_UR Room/zero/Quartus2/MIPS_Project/Part1_Components/full_adder_32.sv       ;         ;
; Part1_Components/mux4to1_32.sv          ; yes             ; User SystemVerilog HDL File  ; C:/Users/Chairman/Documents/1CST_UR Room/zero/Quartus2/MIPS_Project/Part1_Components/mux4to1_32.sv          ;         ;
; Part1_Components/alu_32.sv              ; yes             ; User SystemVerilog HDL File  ; C:/Users/Chairman/Documents/1CST_UR Room/zero/Quartus2/MIPS_Project/Part1_Components/alu_32.sv              ;         ;
; Part1_Components/alu_control.sv         ; yes             ; User SystemVerilog HDL File  ; C:/Users/Chairman/Documents/1CST_UR Room/zero/Quartus2/MIPS_Project/Part1_Components/alu_control.sv         ;         ;
; Part1_Components/mips_components_top.sv ; yes             ; User SystemVerilog HDL File  ; C:/Users/Chairman/Documents/1CST_UR Room/zero/Quartus2/MIPS_Project/Part1_Components/mips_components_top.sv ;         ;
+-----------------------------------------+-----------------+------------------------------+-------------------------------------------------------------------------------------------------------------+---------+


+----------------------------------------------------------------+
; Analysis & Synthesis Resource Usage Summary                    ;
+---------------------------------------------+------------------+
; Resource                                    ; Usage            ;
+---------------------------------------------+------------------+
; Estimated Total logic elements              ; 354              ;
;                                             ;                  ;
; Total combinational functions               ; 354              ;
; Logic element usage by number of LUT inputs ;                  ;
;     -- 4 input functions                    ; 165              ;
;     -- 3 input functions                    ; 105              ;
;     -- <=2 input functions                  ; 84               ;
;                                             ;                  ;
; Logic elements by mode                      ;                  ;
;     -- normal mode                          ; 291              ;
;     -- arithmetic mode                      ; 63               ;
;                                             ;                  ;
; Total registers                             ; 0                ;
;     -- Dedicated logic registers            ; 0                ;
;     -- I/O registers                        ; 0                ;
;                                             ;                  ;
; I/O pins                                    ; 371              ;
; Embedded Multiplier 9-bit elements          ; 0                ;
; Maximum fan-out node                        ; mux_sel[1]~input ;
; Maximum fan-out                             ; 48               ;
; Total fan-out                               ; 1615             ;
; Average fan-out                             ; 1.47             ;
+---------------------------------------------+------------------+


+----------------------------------------------------------------------------------------------------------------------------------------------------------------------------------------------------------------------------------------------------------------+
; Analysis & Synthesis Resource Utilization by Entity                                                                                                                                                                                                            ;
+----------------------------------------------+-------------------+--------------+-------------+--------------+---------+-----------+------+--------------+--------------------------------------------------------------------------------------+--------------+
; Compilation Hierarchy Node                   ; LC Combinationals ; LC Registers ; Memory Bits ; DSP Elements ; DSP 9x9 ; DSP 18x18 ; Pins ; Virtual Pins ; Full Hierarchy Name                                                                  ; Library Name ;
+----------------------------------------------+-------------------+--------------+-------------+--------------+---------+-----------+------+--------------+--------------------------------------------------------------------------------------+--------------+
; |mips_components_top                         ; 354 (0)           ; 0 (0)        ; 0           ; 0            ; 0       ; 0         ; 371  ; 0            ; |mips_components_top                                                                 ; work         ;
;    |alu_32:u_alu|                            ; 209 (209)         ; 0 (0)        ; 0           ; 0            ; 0       ; 0         ; 0    ; 0            ; |mips_components_top|alu_32:u_alu                                                    ; work         ;
;    |alu_control:u_alu_ctrl|                  ; 7 (7)             ; 0 (0)        ; 0           ; 0            ; 0       ; 0         ; 0    ; 0            ; |mips_components_top|alu_control:u_alu_ctrl                                          ; work         ;
;    |full_adder_32:u_full_adder|              ; 74 (0)            ; 0 (0)        ; 0           ; 0            ; 0       ; 0         ; 0    ; 0            ; |mips_components_top|full_adder_32:u_full_adder                                      ; work         ;
;       |full_adder_1bit:fa_chain[0].fa_inst|  ; 2 (2)             ; 0 (0)        ; 0           ; 0            ; 0       ; 0         ; 0    ; 0            ; |mips_components_top|full_adder_32:u_full_adder|full_adder_1bit:fa_chain[0].fa_inst  ; work         ;
;       |full_adder_1bit:fa_chain[10].fa_inst| ; 5 (5)             ; 0 (0)        ; 0           ; 0            ; 0       ; 0         ; 0    ; 0            ; |mips_components_top|full_adder_32:u_full_adder|full_adder_1bit:fa_chain[10].fa_inst ; work         ;
;       |full_adder_1bit:fa_chain[11].fa_inst| ; 2 (2)             ; 0 (0)        ; 0           ; 0            ; 0       ; 0         ; 0    ; 0            ; |mips_components_top|full_adder_32:u_full_adder|full_adder_1bit:fa_chain[11].fa_inst ; work         ;
;       |full_adder_1bit:fa_chain[12].fa_inst| ; 2 (2)             ; 0 (0)        ; 0           ; 0            ; 0       ; 0         ; 0    ; 0            ; |mips_components_top|full_adder_32:u_full_adder|full_adder_1bit:fa_chain[12].fa_inst ; work         ;
;       |full_adder_1bit:fa_chain[13].fa_inst| ; 1 (1)             ; 0 (0)        ; 0           ; 0            ; 0       ; 0         ; 0    ; 0            ; |mips_components_top|full_adder_32:u_full_adder|full_adder_1bit:fa_chain[13].fa_inst ; work         ;
;       |full_adder_1bit:fa_chain[14].fa_inst| ; 5 (5)             ; 0 (0)        ; 0           ; 0            ; 0       ; 0         ; 0    ; 0            ; |mips_components_top|full_adder_32:u_full_adder|full_adder_1bit:fa_chain[14].fa_inst ; work         ;
;       |full_adder_1bit:fa_chain[15].fa_inst| ; 2 (2)             ; 0 (0)        ; 0           ; 0            ; 0       ; 0         ; 0    ; 0            ; |mips_components_top|full_adder_32:u_full_adder|full_adder_1bit:fa_chain[15].fa_inst ; work         ;
;       |full_adder_1bit:fa_chain[16].fa_inst| ; 2 (2)             ; 0 (0)        ; 0           ; 0            ; 0       ; 0         ; 0    ; 0            ; |mips_components_top|full_adder_32:u_full_adder|full_adder_1bit:fa_chain[16].fa_inst ; work         ;
;       |full_adder_1bit:fa_chain[17].fa_inst| ; 2 (2)             ; 0 (0)        ; 0           ; 0            ; 0       ; 0         ; 0    ; 0            ; |mips_components_top|full_adder_32:u_full_adder|full_adder_1bit:fa_chain[17].fa_inst ; work         ;
;       |full_adder_1bit:fa_chain[18].fa_inst| ; 2 (2)             ; 0 (0)        ; 0           ; 0            ; 0       ; 0         ; 0    ; 0            ; |mips_components_top|full_adder_32:u_full_adder|full_adder_1bit:fa_chain[18].fa_inst ; work         ;
;       |full_adder_1bit:fa_chain[19].fa_inst| ; 2 (2)             ; 0 (0)        ; 0           ; 0            ; 0       ; 0         ; 0    ; 0            ; |mips_components_top|full_adder_32:u_full_adder|full_adder_1bit:fa_chain[19].fa_inst ; work         ;
;       |full_adder_1bit:fa_chain[1].fa_inst|  ; 1 (1)             ; 0 (0)        ; 0           ; 0            ; 0       ; 0         ; 0    ; 0            ; |mips_components_top|full_adder_32:u_full_adder|full_adder_1bit:fa_chain[1].fa_inst  ; work         ;
;       |full_adder_1bit:fa_chain[20].fa_inst| ; 2 (2)             ; 0 (0)        ; 0           ; 0            ; 0       ; 0         ; 0    ; 0            ; |mips_components_top|full_adder_32:u_full_adder|full_adder_1bit:fa_chain[20].fa_inst ; work         ;
;       |full_adder_1bit:fa_chain[21].fa_inst| ; 1 (1)             ; 0 (0)        ; 0           ; 0            ; 0       ; 0         ; 0    ; 0            ; |mips_components_top|full_adder_32:u_full_adder|full_adder_1bit:fa_chain[21].fa_inst ; work         ;
;       |full_adder_1bit:fa_chain[22].fa_inst| ; 5 (5)             ; 0 (0)        ; 0           ; 0            ; 0       ; 0         ; 0    ; 0            ; |mips_components_top|full_adder_32:u_full_adder|full_adder_1bit:fa_chain[22].fa_inst ; work         ;
;       |full_adder_1bit:fa_chain[23].fa_inst| ; 2 (2)             ; 0 (0)        ; 0           ; 0            ; 0       ; 0         ; 0    ; 0            ; |mips_components_top|full_adder_32:u_full_adder|full_adder_1bit:fa_chain[23].fa_inst ; work         ;
;       |full_adder_1bit:fa_chain[24].fa_inst| ; 2 (2)             ; 0 (0)        ; 0           ; 0            ; 0       ; 0         ; 0    ; 0            ; |mips_components_top|full_adder_32:u_full_adder|full_adder_1bit:fa_chain[24].fa_inst ; work         ;
;       |full_adder_1bit:fa_chain[25].fa_inst| ; 2 (2)             ; 0 (0)        ; 0           ; 0            ; 0       ; 0         ; 0    ; 0            ; |mips_components_top|full_adder_32:u_full_adder|full_adder_1bit:fa_chain[25].fa_inst ; work         ;
;       |full_adder_1bit:fa_chain[26].fa_inst| ; 2 (2)             ; 0 (0)        ; 0           ; 0            ; 0       ; 0         ; 0    ; 0            ; |mips_components_top|full_adder_32:u_full_adder|full_adder_1bit:fa_chain[26].fa_inst ; work         ;
;       |full_adder_1bit:fa_chain[27].fa_inst| ; 2 (2)             ; 0 (0)        ; 0           ; 0            ; 0       ; 0         ; 0    ; 0            ; |mips_components_top|full_adder_32:u_full_adder|full_adder_1bit:fa_chain[27].fa_inst ; work         ;
;       |full_adder_1bit:fa_chain[28].fa_inst| ; 2 (2)             ; 0 (0)        ; 0           ; 0            ; 0       ; 0         ; 0    ; 0            ; |mips_components_top|full_adder_32:u_full_adder|full_adder_1bit:fa_chain[28].fa_inst ; work         ;
;       |full_adder_1bit:fa_chain[29].fa_inst| ; 2 (2)             ; 0 (0)        ; 0           ; 0            ; 0       ; 0         ; 0    ; 0            ; |mips_components_top|full_adder_32:u_full_adder|full_adder_1bit:fa_chain[29].fa_inst ; work         ;
;       |full_adder_1bit:fa_chain[2].fa_inst|  ; 5 (5)             ; 0 (0)        ; 0           ; 0            ; 0       ; 0         ; 0    ; 0            ; |mips_components_top|full_adder_32:u_full_adder|full_adder_1bit:fa_chain[2].fa_inst  ; work         ;
;       |full_adder_1bit:fa_chain[30].fa_inst| ; 2 (2)             ; 0 (0)        ; 0           ; 0            ; 0       ; 0         ; 0    ; 0            ; |mips_components_top|full_adder_32:u_full_adder|full_adder_1bit:fa_chain[30].fa_inst ; work         ;
;       |full_adder_1bit:fa_chain[31].fa_inst| ; 2 (2)             ; 0 (0)        ; 0           ; 0            ; 0       ; 0         ; 0    ; 0            ; |mips_components_top|full_adder_32:u_full_adder|full_adder_1bit:fa_chain[31].fa_inst ; work         ;
;       |full_adder_1bit:fa_chain[3].fa_inst|  ; 2 (2)             ; 0 (0)        ; 0           ; 0            ; 0       ; 0         ; 0    ; 0            ; |mips_components_top|full_adder_32:u_full_adder|full_adder_1bit:fa_chain[3].fa_inst  ; work         ;
;       |full_adder_1bit:fa_chain[4].fa_inst|  ; 2 (2)             ; 0 (0)        ; 0           ; 0            ; 0       ; 0         ; 0    ; 0            ; |mips_components_top|full_adder_32:u_full_adder|full_adder_1bit:fa_chain[4].fa_inst  ; work         ;
;       |full_adder_1bit:fa_chain[5].fa_inst|  ; 2 (2)             ; 0 (0)        ; 0           ; 0            ; 0       ; 0         ; 0    ; 0            ; |mips_components_top|full_adder_32:u_full_adder|full_adder_1bit:fa_chain[5].fa_inst  ; work         ;
;       |full_adder_1bit:fa_chain[6].fa_inst|  ; 1 (1)             ; 0 (0)        ; 0           ; 0            ; 0       ; 0         ; 0    ; 0            ; |mips_components_top|full_adder_32:u_full_adder|full_adder_1bit:fa_chain[6].fa_inst  ; work         ;
;       |full_adder_1bit:fa_chain[7].fa_inst|  ; 5 (5)             ; 0 (0)        ; 0           ; 0            ; 0       ; 0         ; 0    ; 0            ; |mips_components_top|full_adder_32:u_full_adder|full_adder_1bit:fa_chain[7].fa_inst  ; work         ;
;       |full_adder_1bit:fa_chain[8].fa_inst|  ; 2 (2)             ; 0 (0)        ; 0           ; 0            ; 0       ; 0         ; 0    ; 0            ; |mips_components_top|full_adder_32:u_full_adder|full_adder_1bit:fa_chain[8].fa_inst  ; work         ;
;       |full_adder_1bit:fa_chain[9].fa_inst|  ; 1 (1)             ; 0 (0)        ; 0           ; 0            ; 0       ; 0         ; 0    ; 0            ; |mips_components_top|full_adder_32:u_full_adder|full_adder_1bit:fa_chain[9].fa_inst  ; work         ;
;    |mux4to1_32:u_mux4to1|                    ; 64 (64)           ; 0 (0)        ; 0           ; 0            ; 0       ; 0         ; 0    ; 0            ; |mips_components_top|mux4to1_32:u_mux4to1                                            ; work         ;
+----------------------------------------------+-------------------+--------------+-------------+--------------+---------+-----------+------+--------------+--------------------------------------------------------------------------------------+--------------+
Note: For table entries with two numbers listed, the numbers in parentheses indicate the number of resources of the given type used by the specific entity alone. The numbers listed outside of parentheses indicate the total resources of the given type used by the specific entity and all of its sub-entities in the hierarchy.


+------------------------------------------------------+
; General Register Statistics                          ;
+----------------------------------------------+-------+
; Statistic                                    ; Value ;
+----------------------------------------------+-------+
; Total registers                              ; 0     ;
; Number of registers using Synchronous Clear  ; 0     ;
; Number of registers using Synchronous Load   ; 0     ;
; Number of registers using Asynchronous Clear ; 0     ;
; Number of registers using Asynchronous Load  ; 0     ;
; Number of registers using Clock Enable       ; 0     ;
; Number of registers using Preset             ; 0     ;
+----------------------------------------------+-------+


+---------------------------------------------------------------------------------------------------------------------------------------------------------------+
; Multiplexer Restructuring Statistics (Restructuring Performed)                                                                                                ;
+--------------------+-----------+---------------+----------------------+------------------------+------------+-------------------------------------------------+
; Multiplexer Inputs ; Bus Width ; Baseline Area ; Area if Restructured ; Saving if Restructured ; Registered ; Example Multiplexer Output                      ;
+--------------------+-----------+---------------+----------------------+------------------------+------------+-------------------------------------------------+
; 4:1                ; 32 bits   ; 64 LEs        ; 64 LEs               ; 0 LEs                  ; No         ; |mips_components_top|mux4to1_32:u_mux4to1|Mux29 ;
; 6:1                ; 31 bits   ; 124 LEs       ; 62 LEs               ; 62 LEs                 ; No         ; |mips_components_top|alu_32:u_alu|Mux28         ;
+--------------------+-----------+---------------+----------------------+------------------------+------------+-------------------------------------------------+


+-------------------------------+
; Elapsed Time Per Partition    ;
+----------------+--------------+
; Partition Name ; Elapsed Time ;
+----------------+--------------+
; Top            ; 00:00:00     ;
+----------------+--------------+


+-------------------------------+
; Analysis & Synthesis Messages ;
+-------------------------------+
Info: *******************************************************************
Info: Running Quartus II 32-bit Analysis & Synthesis
    Info: Version 13.1.0 Build 162 10/23/2013 SJ Web Edition
    Info: Processing started: Sat May 09 23:16:23 2026
Info: Command: quartus_map --read_settings_files=on --write_settings_files=off MIPS_Part1_Components -c MIPS_Part1_Components
Warning (20028): Parallel compilation is not licensed and has been disabled
Info (12021): Found 2 design units, including 2 entities, in source file part1_components/full_adder_32.sv
    Info (12023): Found entity 1: full_adder_1bit
    Info (12023): Found entity 2: full_adder_32
Info (12021): Found 1 design units, including 1 entities, in source file part1_components/mux4to1_32.sv
    Info (12023): Found entity 1: mux4to1_32
Info (12021): Found 1 design units, including 1 entities, in source file part1_components/alu_32.sv
    Info (12023): Found entity 1: alu_32
Info (12021): Found 1 design units, including 1 entities, in source file part1_components/alu_control.sv
    Info (12023): Found entity 1: alu_control
Info (12021): Found 1 design units, including 1 entities, in source file part1_components/mips_components_top.sv
    Info (12023): Found entity 1: mips_components_top
Info (12127): Elaborating entity "mips_components_top" for the top level hierarchy
Info (12128): Elaborating entity "full_adder_32" for hierarchy "full_adder_32:u_full_adder"
Info (12128): Elaborating entity "full_adder_1bit" for hierarchy "full_adder_32:u_full_adder|full_adder_1bit:fa_chain[0].fa_inst"
Info (12128): Elaborating entity "mux4to1_32" for hierarchy "mux4to1_32:u_mux4to1"
Info (12128): Elaborating entity "alu_32" for hierarchy "alu_32:u_alu"
Info (12128): Elaborating entity "alu_control" for hierarchy "alu_control:u_alu_ctrl"
Info (286030): Timing-Driven Synthesis is running
Info (144001): Generated suppressed messages file C:/Users/Chairman/Documents/1CST_UR Room/zero/Quartus2/MIPS_Project/MIPS_Part1_Components.map.smsg
Info (16010): Generating hard_block partition "hard_block:auto_generated_inst"
    Info (16011): Adding 0 node(s), including 0 DDIO, 0 PLL, 0 transceiver and 0 LCELL
Info (21057): Implemented 725 device resources after synthesis - the final resource count might be different
    Info (21058): Implemented 270 input pins
    Info (21059): Implemented 101 output pins
    Info (21061): Implemented 354 logic cells
Info: Quartus II 32-bit Analysis & Synthesis was successful. 0 errors, 1 warning
    Info: Peak virtual memory: 397 megabytes
    Info: Processing ended: Sat May 09 23:16:25 2026
    Info: Elapsed time: 00:00:02
    Info: Total CPU time (on all processors): 00:00:02


+------------------------------------------+
; Analysis & Synthesis Suppressed Messages ;
+------------------------------------------+
The suppressed messages can be found in C:/Users/Chairman/Documents/1CST_UR Room/zero/Quartus2/MIPS_Project/MIPS_Part1_Components.map.smsg.


