Flow report for MIPS_Part2_Processor
Sat May 09 23:46:36 2026
Quartus II 32-bit Version 13.1.0 Build 162 10/23/2013 SJ Web Edition


---------------------
; Table of Contents ;
---------------------
  1. Legal Notice
  2. Flow Summary
  3. Flow Settings
  4. Flow Non-Default Global Settings
  5. Flow Elapsed Time
  6. Flow OS Summary
  7. Flow Log
  8. Flow Messages
  9. Flow Suppressed Messages



----------------
; Legal Notice ;
----------------
Copyright (C) 1991-2013 Altera Corporation
Your use of Altera Corporation's design tools, logic functions 
and other software and tools, and its AMPP partner logic 
functions, and any output files from any of the foregoing 
(including device programming or simulation files), and any 
associated documentation or information are expressly subject 
to the terms and conditions of the Altera Program License 
Subscription Agreement, Altera MegaCore Function License 
Agreement, or other applicable license agreement, including, 
without limitation, that your use is for the sole purpose of 
programming logic devices manufactured by Altera and sold by 
Altera or its authorized distributors.  Please refer to the 
applicable agreement for further details.



+---------------------------------------------------------------------------------+
; Flow Summary                                                                    ;
+------------------------------------+--------------------------------------------+
; Flow Status                        ; Successful - Sat May 09 23:46:36 2026      ;
; Quartus II 64-Bit Version          ; 13.1.0 Build 162 10/23/2013 SJ Web Edition ;
; Revision Name                      ; MIPS_Part2_Processor                       ;
; Top-level Entity Name              ; mips_top                                   ;
; Family                             ; Cyclone IV E                               ;
; Device                             ; EP4CE115F29C7                              ;
; Timing Models                      ; Final                                      ;
; Total logic elements               ; 3,491 / 114,480 ( 3 % )                    ;
;     Total combinational functions  ; 2,271 / 114,480 ( 2 % )                    ;
;     Dedicated logic registers      ; 2,590 / 114,480 ( 2 % )                    ;
; Total registers                    ; 2590                                       ;
; Total pins                         ; 67 / 529 ( 13 % )                          ;
; Total virtual pins                 ; 0                                          ;
; Total memory bits                  ; 0 / 3,981,312 ( 0 % )                      ;
; Embedded Multiplier 9-bit elements ; 0 / 532 ( 0 % )                            ;
; Total PLLs                         ; 0 / 4 ( 0 % )                              ;
; Quartus II 32-bit Version          ; 13.1.0 Build 162 10/23/2013 SJ Web Edition ;
+------------------------------------+--------------------------------------------+


+------------------------------------------+
; Flow Settings                            ;
+-------------------+----------------------+
; Option            ; Setting              ;
+-------------------+----------------------+
; Start date & time ; 05/09/2026 23:44:18  ;
; Main task         ; Compilation          ;
; Revision Name     ; MIPS_Part2_Processor ;
+-------------------+----------------------+


+-----------------------------------------------------------------------------------------------------------+
; Flow Non-Default Global Settings                                                                          ;
+-----------------------+---------------------------------+----------------------+-------------+------------+
; Assignment Name       ; Value                           ; Default Value        ; Entity Name ; Section Id ;
+-----------------------+---------------------------------+----------------------+-------------+------------+
; COMPILER_SIGNATURE_ID ; 171720534079224.177836305853688 ; --                   ; --          ; --         ;
; TOP_LEVEL_ENTITY      ; mips_top                        ; MIPS_Part2_Processor ; --          ; --         ;
+-----------------------+---------------------------------+----------------------+-------------+------------+


+-------------------------------------------------------------------------------------------------------------------------------+
; Flow Elapsed Time                                                                                                             ;
+---------------------------+--------------+-------------------------+---------------------+------------------------------------+
; Module Name               ; Elapsed Time ; Average Processors Used ; Peak Virtual Memory ; Total CPU Time (on all processors) ;
+---------------------------+--------------+-------------------------+---------------------+------------------------------------+
; Analysis & Synthesis      ; 00:00:07     ; 1.0                     ; 4643 MB             ; 00:00:07                           ;
; Fitter                    ; 00:01:14     ; 1.0                     ; 5122 MB             ; 00:01:13                           ;
; Assembler                 ; 00:00:03     ; 1.0                     ; 4629 MB             ; 00:00:04                           ;
; TimeQuest Timing Analyzer ; 00:00:05     ; 1.0                     ; 4715 MB             ; 00:00:04                           ;
; EDA Netlist Writer        ; 00:00:04     ; 1.0                     ; 393 MB              ; 00:00:07                           ;
; Total                     ; 00:01:33     ; --                      ; --                  ; 00:01:35                           ;
+---------------------------+--------------+-------------------------+---------------------+------------------------------------+


+----------------------------------------------------------------------------------------+
; Flow OS Summary                                                                        ;
+---------------------------+------------------+-----------+------------+----------------+
; Module Name               ; Machine Hostname ; OS Name   ; OS Version ; Processor type ;
+---------------------------+------------------+-----------+------------+----------------+
; Analysis & Synthesis      ; DESKTOP-GJSPR88  ; Windows 7 ; 6.2        ; x86_64         ;
; Fitter                    ; DESKTOP-GJSPR88  ; Windows 7 ; 6.2        ; x86_64         ;
; Assembler                 ; DESKTOP-GJSPR88  ; Windows 7 ; 6.2        ; x86_64         ;
; TimeQuest Timing Analyzer ; DESKTOP-GJSPR88  ; Windows 7 ; 6.2        ; x86_64         ;
; EDA Netlist Writer        ; DESKTOP-GJSPR88  ; Windows 7 ; 6.2        ; x86_64         ;
+---------------------------+------------------+-----------+------------+----------------+


------------
; Flow Log ;
------------
quartus_map --read_settings_files=on --write_settings_files=off MIPS_Part2_Processor -c MIPS_Part2_Processor
quartus_fit --read_settings_files=off --write_settings_files=off MIPS_Part2_Processor -c MIPS_Part2_Processor
quartus_asm --read_settings_files=off --write_settings_files=off MIPS_Part2_Processor -c MIPS_Part2_Processor
quartus_sta MIPS_Part2_Processor -c MIPS_Part2_Processor
quartus_eda --simulation=on --tool=modelsim_oem --format=systemverilog MIPS_Part2_Processor



